e:\workspace\handianhospitalclientforexpert\handianhospitalclientforexpert\debug\handianhospitalclientforexpert.pch
e:\workspace\handianhospitalclientforexpert\handianhospitalclientforexpert\debug\vc140.pdb
e:\workspace\handianhospitalclientforexpert\handianhospitalclientforexpert\debug\vc140.idb
e:\workspace\handianhospitalclientforexpert\handianhospitalclientforexpert\debug\stdafx.obj
e:\workspace\handianhospitalclientforexpert\handianhospitalclientforexpert\debug\authservicemgr.obj
e:\workspace\handianhospitalclientforexpert\handianhospitalclientforexpert\debug\avplayer.obj
e:\workspace\handianhospitalclientforexpert\handianhospitalclientforexpert\debug\diagshowpatientbigpic.obj
e:\workspace\handianhospitalclientforexpert\handianhospitalclientforexpert\debug\diagtorecordconsultation.obj
e:\workspace\handianhospitalclientforexpert\handianhospitalclientforexpert\debug\handianhospitalclientforexpert.obj
e:\workspace\handianhospitalclientforexpert\handianhospitalclientforexpert\debug\handianremotetreatment.obj
e:\workspace\handianhospitalclientforexpert\handianhospitalclientforexpert\debug\hdhttpfunction.obj
e:\workspace\handianhospitalclientforexpert\handianhospitalclientforexpert\debug\listitembuttonui.obj
e:\workspace\handianhospitalclientforexpert\handianhospitalclientforexpert\debug\meetingservicemgr.obj
e:\workspace\handianhospitalclientforexpert\handianhospitalclientforexpert\debug\rwinhttp.obj
e:\workspace\handianhospitalclientforexpert\handianhospitalclientforexpert\debug\myvoice.obj
e:\workspace\handianhospitalclientforexpert\handianhospitalclientforexpert\debug\speech_recognizer.obj
e:\workspace\handianhospitalclientforexpert\handianhospitalclientforexpert\debug\winrec.obj
e:\workspace\handianhospitalclientforexpert\debug\handianhospitalclientforexpert.ilk
e:\workspace\handianhospitalclientforexpert\debug\handianhospitalclientforexpert.exe
e:\workspace\handianhospitalclientforexpert\debug\handianhospitalclientforexpert.pdb
e:\workspace\handianhospitalclientforexpert\handianhospitalclientforexpert\debug\handianhospitalclientforexpert.res
e:\workspace\handianhospitalclientforexpert\handianhospitalclientforexpert\debug\handianh.d3005a4a.tlog\cl.command.1.tlog
e:\workspace\handianhospitalclientforexpert\handianhospitalclientforexpert\debug\handianh.d3005a4a.tlog\cl.read.1.tlog
e:\workspace\handianhospitalclientforexpert\handianhospitalclientforexpert\debug\handianh.d3005a4a.tlog\cl.write.1.tlog
e:\workspace\handianhospitalclientforexpert\handianhospitalclientforexpert\debug\handianh.d3005a4a.tlog\link.command.1.tlog
e:\workspace\handianhospitalclientforexpert\handianhospitalclientforexpert\debug\handianh.d3005a4a.tlog\link.read.1.tlog
e:\workspace\handianhospitalclientforexpert\handianhospitalclientforexpert\debug\handianh.d3005a4a.tlog\link.write.1.tlog
e:\workspace\handianhospitalclientforexpert\handianhospitalclientforexpert\debug\handianh.d3005a4a.tlog\rc.command.1.tlog
e:\workspace\handianhospitalclientforexpert\handianhospitalclientforexpert\debug\handianh.d3005a4a.tlog\rc.read.1.tlog
e:\workspace\handianhospitalclientforexpert\handianhospitalclientforexpert\debug\handianh.d3005a4a.tlog\rc.write.1.tlog
