e:\workspace\handianhospitalclientforexpert\handianhospitalclientforexpert\release\handianhospitalclientforexpert.pch
e:\workspace\handianhospitalclientforexpert\handianhospitalclientforexpert\release\vc140.pdb
e:\workspace\handianhospitalclientforexpert\handianhospitalclientforexpert\release\stdafx.obj
e:\workspace\handianhospitalclientforexpert\handianhospitalclientforexpert\release\rwinhttp.obj
e:\workspace\handianhospitalclientforexpert\handianhospitalclientforexpert\release\meetingservicemgr.obj
e:\workspace\handianhospitalclientforexpert\handianhospitalclientforexpert\release\listitembuttonui.obj
e:\workspace\handianhospitalclientforexpert\handianhospitalclientforexpert\release\hdhttpfunction.obj
e:\workspace\handianhospitalclientforexpert\handianhospitalclientforexpert\release\handianremotetreatment.obj
e:\workspace\handianhospitalclientforexpert\handianhospitalclientforexpert\release\handianhospitalclientforexpert.obj
e:\workspace\handianhospitalclientforexpert\handianhospitalclientforexpert\release\diagtorecordconsultation.obj
e:\workspace\handianhospitalclientforexpert\handianhospitalclientforexpert\release\diagshowpatientbigpic.obj
e:\workspace\handianhospitalclientforexpert\handianhospitalclientforexpert\release\avplayer.obj
e:\workspace\handianhospitalclientforexpert\handianhospitalclientforexpert\release\authservicemgr.obj
e:\workspace\handianhospitalclientforexpert\handianhospitalclientforexpert\release\winrec.obj
e:\workspace\handianhospitalclientforexpert\handianhospitalclientforexpert\release\speech_recognizer.obj
e:\workspace\handianhospitalclientforexpert\handianhospitalclientforexpert\release\myvoice.obj
e:\workspace\handianhospitalclientforexpert\release\handianhospitalclientforexpert.exe
e:\workspace\handianhospitalclientforexpert\release\handianhospitalclientforexpert.ipdb
e:\workspace\handianhospitalclientforexpert\release\handianhospitalclientforexpert.iobj
e:\workspace\handianhospitalclientforexpert\release\handianhospitalclientforexpert.pdb
e:\workspace\handianhospitalclientforexpert\handianhospitalclientforexpert\release\handianhospitalclientforexpert.res
e:\workspace\handianhospitalclientforexpert\handianhospitalclientforexpert\release\handianh.d3005a4a.tlog\cl.command.1.tlog
e:\workspace\handianhospitalclientforexpert\handianhospitalclientforexpert\release\handianh.d3005a4a.tlog\cl.read.1.tlog
e:\workspace\handianhospitalclientforexpert\handianhospitalclientforexpert\release\handianh.d3005a4a.tlog\cl.write.1.tlog
e:\workspace\handianhospitalclientforexpert\handianhospitalclientforexpert\release\handianh.d3005a4a.tlog\link.command.1.tlog
e:\workspace\handianhospitalclientforexpert\handianhospitalclientforexpert\release\handianh.d3005a4a.tlog\link.read.1.tlog
e:\workspace\handianhospitalclientforexpert\handianhospitalclientforexpert\release\handianh.d3005a4a.tlog\link.write.1.tlog
e:\workspace\handianhospitalclientforexpert\handianhospitalclientforexpert\release\handianh.d3005a4a.tlog\rc.command.1.tlog
e:\workspace\handianhospitalclientforexpert\handianhospitalclientforexpert\release\handianh.d3005a4a.tlog\rc.read.1.tlog
e:\workspace\handianhospitalclientforexpert\handianhospitalclientforexpert\release\handianh.d3005a4a.tlog\rc.write.1.tlog
